Started by user [8mha:////4O1wED7ka0yR3UqZbbiKmWRc9IgGuwha3SAC7wraNaR5AAAAlx+LCAAAAAAAAP9b85aBtbiIQTGjNKU4P08vOT+vOD8nVc83PyU1x6OyILUoJzMv2y+/JJUBAhiZGBgqihhk0NSjKDWzXb3RdlLBUSYGJk8GtpzUvPSSDB8G5tKinBIGIZ+sxLJE/ZzEvHT94JKizLx0a6BxUmjGOUNodHsLgAzWEgZu/dLi1CL9xJTczDwAj6GcLcAAAAA=[0madmin
Building in workspace /var/jenkins_home/workspace/jenkins-test
No credentials specified
 > git rev-parse --is-inside-work-tree # timeout=10
Fetching changes from the remote Git repository
 > git config remote.origin.url https://github.com/kpapijnenburg/jenkins-test.git # timeout=10
Fetching upstream changes from https://github.com/kpapijnenburg/jenkins-test.git
 > git --version # timeout=10
 > git fetch --tags --force --progress https://github.com/kpapijnenburg/jenkins-test.git +refs/heads/*:refs/remotes/origin/*
 > git rev-parse refs/remotes/origin/master^{commit} # timeout=10
 > git rev-parse refs/remotes/origin/origin/master^{commit} # timeout=10
Checking out Revision 83c846e2015ef619793ffa0c065430426d1e6db5 (refs/remotes/origin/master)
 > git config core.sparsecheckout # timeout=10
 > git checkout -f 83c846e2015ef619793ffa0c065430426d1e6db5
Commit message: "Initial commit"
 > git rev-list --no-walk 83c846e2015ef619793ffa0c065430426d1e6db5 # timeout=10
[jenkins-test] $ /bin/sh -xe /tmp/jenkins7070472257589029739.sh
+ mvn clean
[INFO] Scanning for projects...
[WARNING] 
[WARNING] Some problems were encountered while building the effective model for jenkins-test-app:jenkins-test-app:war:1.0-SNAPSHOT
[WARNING] 'build.plugins.plugin.version' for org.apache.maven.plugins:maven-war-plugin is missing. @ line 38, column 21
[WARNING] 'build.plugins.plugin.version' for org.springframework.boot:spring-boot-maven-plugin is missing. @ line 34, column 21
[WARNING] 
[WARNING] It is highly recommended to fix these problems because they threaten the stability of your build.
[WARNING] 
[WARNING] For this reason, future Maven versions might no longer support building such malformed projects.
[WARNING] 
[INFO] 
[INFO] -----------------< jenkins-test-app:jenkins-test-app >------------------
[INFO] Building jenkins-test-app 1.0-SNAPSHOT
[INFO] --------------------------------[ war ]---------------------------------
[INFO] 
[INFO] --- maven-clean-plugin:2.5:clean (default-clean) @ jenkins-test-app ---
[INFO] Deleting /var/jenkins_home/workspace/jenkins-test/target
[INFO] ------------------------------------------------------------------------
[INFO] BUILD SUCCESS
[INFO] ------------------------------------------------------------------------
[INFO] Total time:  0.678 s
[INFO] Finished at: 2019-03-28T17:52:38Z
[INFO] ------------------------------------------------------------------------
[jenkins-test] $ /bin/sh -xe /tmp/jenkins8749448819774051322.sh
+ mvn install
[INFO] Scanning for projects...
[WARNING] 
[WARNING] Some problems were encountered while building the effective model for jenkins-test-app:jenkins-test-app:war:1.0-SNAPSHOT
[WARNING] 'build.plugins.plugin.version' for org.apache.maven.plugins:maven-war-plugin is missing. @ line 38, column 21
[WARNING] 'build.plugins.plugin.version' for org.springframework.boot:spring-boot-maven-plugin is missing. @ line 34, column 21
[WARNING] 
[WARNING] It is highly recommended to fix these problems because they threaten the stability of your build.
[WARNING] 
[WARNING] For this reason, future Maven versions might no longer support building such malformed projects.
[WARNING] 
[INFO] 
[INFO] -----------------< jenkins-test-app:jenkins-test-app >------------------
[INFO] Building jenkins-test-app 1.0-SNAPSHOT
[INFO] --------------------------------[ war ]---------------------------------
[INFO] 
[INFO] --- maven-resources-plugin:2.6:resources (default-resources) @ jenkins-test-app ---
[WARNING] Using platform encoding (UTF-8 actually) to copy filtered resources, i.e. build is platform dependent!
[INFO] Copying 1 resource
[INFO] 
[INFO] --- maven-compiler-plugin:3.1:compile (default-compile) @ jenkins-test-app ---
[INFO] Changes detected - recompiling the module!
[WARNING] File encoding has not been set, using platform encoding UTF-8, i.e. build is platform dependent!
[INFO] Compiling 2 source files to /var/jenkins_home/workspace/jenkins-test/target/classes
[INFO] 
[INFO] --- maven-resources-plugin:2.6:testResources (default-testResources) @ jenkins-test-app ---
[WARNING] Using platform encoding (UTF-8 actually) to copy filtered resources, i.e. build is platform dependent!
[INFO] skip non existing resourceDirectory /var/jenkins_home/workspace/jenkins-test/src/test/resources
[INFO] 
[INFO] --- maven-compiler-plugin:3.1:testCompile (default-testCompile) @ jenkins-test-app ---
[INFO] Changes detected - recompiling the module!
[WARNING] File encoding has not been set, using platform encoding UTF-8, i.e. build is platform dependent!
[INFO] Compiling 1 source file to /var/jenkins_home/workspace/jenkins-test/target/test-classes
[INFO] 
[INFO] --- maven-surefire-plugin:2.12.4:test (default-test) @ jenkins-test-app ---
[INFO] Surefire report directory: /var/jenkins_home/workspace/jenkins-test/target/surefire-reports

-------------------------------------------------------
 T E S T S
-------------------------------------------------------
Running api.controllers.TestControllerTest
Tests run: 1, Failures: 0, Errors: 0, Skipped: 0, Time elapsed: 0.059 sec

Results :

Tests run: 1, Failures: 0, Errors: 0, Skipped: 0

[INFO] 
[INFO] --- maven-war-plugin:2.2:war (default-war) @ jenkins-test-app ---
[INFO] Packaging webapp
[INFO] Assembling webapp [jenkins-test-app] in [/var/jenkins_home/workspace/jenkins-test/target/jenkins-test-app]
[INFO] Processing war project
[INFO] Copying webapp resources [/var/jenkins_home/workspace/jenkins-test/src/main/webapp]
[INFO] Webapp assembled in [3671 msecs]
[INFO] Building war: /var/jenkins_home/workspace/jenkins-test/target/jenkins-test-app.war
[INFO] WEB-INF/web.xml already added, skipping
[INFO] 
[INFO] --- maven-install-plugin:2.4:install (default-install) @ jenkins-test-app ---
[INFO] Installing /var/jenkins_home/workspace/jenkins-test/target/jenkins-test-app.war to /root/.m2/repository/jenkins-test-app/jenkins-test-app/1.0-SNAPSHOT/jenkins-test-app-1.0-SNAPSHOT.war
[INFO] Installing /var/jenkins_home/workspace/jenkins-test/pom.xml to /root/.m2/repository/jenkins-test-app/jenkins-test-app/1.0-SNAPSHOT/jenkins-test-app-1.0-SNAPSHOT.pom
[INFO] ------------------------------------------------------------------------
[INFO] BUILD SUCCESS
[INFO] ------------------------------------------------------------------------
[INFO] Total time:  7.992 s
[INFO] Finished at: 2019-03-28T17:52:47Z
[INFO] ------------------------------------------------------------------------
Archiving artifacts
Deploying /var/jenkins_home/workspace/jenkins-test/target/jenkins-test-app.war to container Tomcat 8.x Remote with context /test-app
ERROR: Build step failed with exception
org.codehaus.cargo.container.ContainerException: Failed to redeploy [/var/jenkins_home/workspace/jenkins-test/target/jenkins-test-app.war]
	at org.codehaus.cargo.container.tomcat.internal.AbstractTomcatManagerDeployer.redeploy(AbstractTomcatManagerDeployer.java:192)
	at hudson.plugins.deploy.CargoContainerAdapter.deploy(CargoContainerAdapter.java:77)
	at hudson.plugins.deploy.CargoContainerAdapter$DeployCallable.invoke(CargoContainerAdapter.java:147)
	at hudson.plugins.deploy.CargoContainerAdapter$DeployCallable.invoke(CargoContainerAdapter.java:117)
	at hudson.FilePath.act(FilePath.java:1074)
	at hudson.FilePath.act(FilePath.java:1057)
	at hudson.plugins.deploy.CargoContainerAdapter.redeploy(CargoContainerAdapter.java:114)
	at hudson.plugins.deploy.PasswordProtectedAdapterCargo.redeploy(PasswordProtectedAdapterCargo.java:93)
	at hudson.plugins.deploy.DeployPublisher.perform(DeployPublisher.java:64)
	at hudson.tasks.BuildStepMonitor$3.perform(BuildStepMonitor.java:45)
	at hudson.model.AbstractBuild$AbstractBuildExecution.perform(AbstractBuild.java:744)
	at hudson.model.AbstractBuild$AbstractBuildExecution.performAllBuildSteps(AbstractBuild.java:690)
	at hudson.model.Build$BuildExecution.post2(Build.java:186)
	at hudson.model.AbstractBuild$AbstractBuildExecution.post(AbstractBuild.java:635)
	at hudson.model.Run.execute(Run.java:1841)
	at hudson.model.FreeStyleBuild.run(FreeStyleBuild.java:43)
	at hudson.model.ResourceController.execute(ResourceController.java:97)
	at hudson.model.Executor.run(Executor.java:429)
Caused by: java.net.ConnectException: Connection refused (Connection refused)
	at java.net.PlainSocketImpl.socketConnect(Native Method)
	at java.net.AbstractPlainSocketImpl.doConnect(AbstractPlainSocketImpl.java:350)
	at java.net.AbstractPlainSocketImpl.connectToAddress(AbstractPlainSocketImpl.java:206)
	at java.net.AbstractPlainSocketImpl.connect(AbstractPlainSocketImpl.java:188)
	at java.net.SocksSocketImpl.connect(SocksSocketImpl.java:392)
	at java.net.Socket.connect(Socket.java:589)
	at java.net.Socket.connect(Socket.java:538)
	at sun.net.NetworkClient.doConnect(NetworkClient.java:180)
	at sun.net.www.http.HttpClient.openServer(HttpClient.java:463)
	at sun.net.www.http.HttpClient.openServer(HttpClient.java:558)
	at sun.net.www.http.HttpClient.<init>(HttpClient.java:242)
	at sun.net.www.http.HttpClient.New(HttpClient.java:339)
	at sun.net.www.http.HttpClient.New(HttpClient.java:357)
	at sun.net.www.protocol.http.HttpURLConnection.getNewHttpClient(HttpURLConnection.java:1220)
	at sun.net.www.protocol.http.HttpURLConnection.plainConnect0(HttpURLConnection.java:1156)
	at sun.net.www.protocol.http.HttpURLConnection.plainConnect(HttpURLConnection.java:1050)
	at sun.net.www.protocol.http.HttpURLConnection.connect(HttpURLConnection.java:984)
	at org.codehaus.cargo.container.tomcat.internal.TomcatManager.invoke(TomcatManager.java:561)
	at org.codehaus.cargo.container.tomcat.internal.TomcatManager.list(TomcatManager.java:876)
	at org.codehaus.cargo.container.tomcat.internal.TomcatManager.getStatus(TomcatManager.java:889)
	at org.codehaus.cargo.container.tomcat.internal.AbstractTomcatManagerDeployer.redeploy(AbstractTomcatManagerDeployer.java:173)
	... 17 more
java.net.ConnectException: Connection refused (Connection refused)
	at java.net.PlainSocketImpl.socketConnect(Native Method)
	at java.net.AbstractPlainSocketImpl.doConnect(AbstractPlainSocketImpl.java:350)
	at java.net.AbstractPlainSocketImpl.connectToAddress(AbstractPlainSocketImpl.java:206)
	at java.net.AbstractPlainSocketImpl.connect(AbstractPlainSocketImpl.java:188)
	at java.net.SocksSocketImpl.connect(SocksSocketImpl.java:392)
	at java.net.Socket.connect(Socket.java:589)
	at java.net.Socket.connect(Socket.java:538)
	at sun.net.NetworkClient.doConnect(NetworkClient.java:180)
	at sun.net.www.http.HttpClient.openServer(HttpClient.java:463)
	at sun.net.www.http.HttpClient.openServer(HttpClient.java:558)
	at sun.net.www.http.HttpClient.<init>(HttpClient.java:242)
	at sun.net.www.http.HttpClient.New(HttpClient.java:339)
	at sun.net.www.http.HttpClient.New(HttpClient.java:357)
	at sun.net.www.protocol.http.HttpURLConnection.getNewHttpClient(HttpURLConnection.java:1220)
	at sun.net.www.protocol.http.HttpURLConnection.plainConnect0(HttpURLConnection.java:1156)
	at sun.net.www.protocol.http.HttpURLConnection.plainConnect(HttpURLConnection.java:1050)
	at sun.net.www.protocol.http.HttpURLConnection.connect(HttpURLConnection.java:984)
	at org.codehaus.cargo.container.tomcat.internal.TomcatManager.invoke(TomcatManager.java:561)
	at org.codehaus.cargo.container.tomcat.internal.TomcatManager.list(TomcatManager.java:876)
	at org.codehaus.cargo.container.tomcat.internal.TomcatManager.getStatus(TomcatManager.java:889)
	at org.codehaus.cargo.container.tomcat.internal.AbstractTomcatManagerDeployer.redeploy(AbstractTomcatManagerDeployer.java:173)
	at hudson.plugins.deploy.CargoContainerAdapter.deploy(CargoContainerAdapter.java:77)
	at hudson.plugins.deploy.CargoContainerAdapter$DeployCallable.invoke(CargoContainerAdapter.java:147)
	at hudson.plugins.deploy.CargoContainerAdapter$DeployCallable.invoke(CargoContainerAdapter.java:117)
	at hudson.FilePath.act(FilePath.java:1074)
	at hudson.FilePath.act(FilePath.java:1057)
	at hudson.plugins.deploy.CargoContainerAdapter.redeploy(CargoContainerAdapter.java:114)
	at hudson.plugins.deploy.PasswordProtectedAdapterCargo.redeploy(PasswordProtectedAdapterCargo.java:93)
	at hudson.plugins.deploy.DeployPublisher.perform(DeployPublisher.java:64)
	at hudson.tasks.BuildStepMonitor$3.perform(BuildStepMonitor.java:45)
	at hudson.model.AbstractBuild$AbstractBuildExecution.perform(AbstractBuild.java:744)
	at hudson.model.AbstractBuild$AbstractBuildExecution.performAllBuildSteps(AbstractBuild.java:690)
	at hudson.model.Build$BuildExecution.post2(Build.java:186)
	at hudson.model.AbstractBuild$AbstractBuildExecution.post(AbstractBuild.java:635)
	at hudson.model.Run.execute(Run.java:1841)
	at hudson.model.FreeStyleBuild.run(FreeStyleBuild.java:43)
	at hudson.model.ResourceController.execute(ResourceController.java:97)
	at hudson.model.Executor.run(Executor.java:429)
Build step 'Deploy war/ear to a container' marked build as failure
Finished: FAILURE
