Started by user [8mha:////4O1wED7ka0yR3UqZbbiKmWRc9IgGuwha3SAC7wraNaR5AAAAlx+LCAAAAAAAAP9b85aBtbiIQTGjNKU4P08vOT+vOD8nVc83PyU1x6OyILUoJzMv2y+/JJUBAhiZGBgqihhk0NSjKDWzXb3RdlLBUSYGJk8GtpzUvPSSDB8G5tKinBIGIZ+sxLJE/ZzEvHT94JKizLx0a6BxUmjGOUNodHsLgAzWEgZu/dLi1CL9xJTczDwAj6GcLcAAAAA=[0madmin
Building in workspace /var/jenkins_home/workspace/jenkins-test
No credentials specified
 > git rev-parse --is-inside-work-tree # timeout=10
Fetching changes from the remote Git repository
 > git config remote.origin.url https://github.com/kpapijnenburg/jenkins-test.git # timeout=10
Fetching upstream changes from https://github.com/kpapijnenburg/jenkins-test.git
 > git --version # timeout=10
 > git fetch --tags --force --progress https://github.com/kpapijnenburg/jenkins-test.git +refs/heads/*:refs/remotes/origin/*
 > git rev-parse refs/remotes/origin/master^{commit} # timeout=10
 > git rev-parse refs/remotes/origin/origin/master^{commit} # timeout=10
Checking out Revision 8b8063ffa81dcfbef9aa1e7eb10564b79c0dddeb (refs/remotes/origin/master)
 > git config core.sparsecheckout # timeout=10
 > git checkout -f 8b8063ffa81dcfbef9aa1e7eb10564b79c0dddeb
Commit message: "Initial commit"
 > git rev-list --no-walk 703a92ca1aecc5b8068c71b5b763ed8479a07f91 # timeout=10
[jenkins-test] $ /bin/sh -xe /tmp/jenkins5781280114477431073.sh
+ mvn clean
[INFO] Scanning for projects...
[WARNING] 
[WARNING] Some problems were encountered while building the effective model for jenkins-test-app:jenkins-test-app:war:1.0-SNAPSHOT
[WARNING] 'build.plugins.plugin.version' for org.springframework.boot:spring-boot-maven-plugin is missing. @ line 34, column 21
[WARNING] 
[WARNING] It is highly recommended to fix these problems because they threaten the stability of your build.
[WARNING] 
[WARNING] For this reason, future Maven versions might no longer support building such malformed projects.
[WARNING] 
[INFO] 
[INFO] -----------------< jenkins-test-app:jenkins-test-app >------------------
[INFO] Building jenkins-test-app 1.0-SNAPSHOT
[INFO] --------------------------------[ war ]---------------------------------
Downloading from central: https://repo.maven.apache.org/maven2/org/springframework/boot/spring-boot-maven-plugin/maven-metadata.xml
Progress (1): 2.8/3.3 kBProgress (1): 3.3 kB                        Downloaded from central: https://repo.maven.apache.org/maven2/org/springframework/boot/spring-boot-maven-plugin/maven-metadata.xml (3.3 kB at 6.6 kB/s)
Downloading from central: https://repo.maven.apache.org/maven2/org/springframework/boot/spring-boot-maven-plugin/2.1.3.RELEASE/spring-boot-maven-plugin-2.1.3.RELEASE.pom
Progress (1): 2.2/4.8 kBProgress (1): 4.8 kB                        Downloaded from central: https://repo.maven.apache.org/maven2/org/springframework/boot/spring-boot-maven-plugin/2.1.3.RELEASE/spring-boot-maven-plugin-2.1.3.RELEASE.pom (4.8 kB at 129 kB/s)
Downloading from central: https://repo.maven.apache.org/maven2/org/springframework/boot/spring-boot-tools/2.1.3.RELEASE/spring-boot-tools-2.1.3.RELEASE.pom
Progress (1): 1.8 kB                    Downloaded from central: https://repo.maven.apache.org/maven2/org/springframework/boot/spring-boot-tools/2.1.3.RELEASE/spring-boot-tools-2.1.3.RELEASE.pom (1.8 kB at 39 kB/s)
Downloading from central: https://repo.maven.apache.org/maven2/org/springframework/boot/spring-boot-maven-plugin/2.1.3.RELEASE/spring-boot-maven-plugin-2.1.3.RELEASE.jar
Progress (1): 2.2/68 kBProgress (1): 5.0/68 kBProgress (1): 7.7/68 kBProgress (1): 10/68 kB Progress (1): 13/68 kBProgress (1): 16/68 kBProgress (1): 19/68 kBProgress (1): 21/68 kBProgress (1): 24/68 kBProgress (1): 27/68 kBProgress (1): 30/68 kBProgress (1): 32/68 kBProgress (1): 36/68 kBProgress (1): 40/68 kBProgress (1): 45/68 kBProgress (1): 49/68 kBProgress (1): 53/68 kBProgress (1): 57/68 kBProgress (1): 61/68 kBProgress (1): 65/68 kBProgress (1): 68 kB                      Downloaded from central: https://repo.maven.apache.org/maven2/org/springframework/boot/spring-boot-maven-plugin/2.1.3.RELEASE/spring-boot-maven-plugin-2.1.3.RELEASE.jar (68 kB at 1.1 MB/s)
[INFO] 
[INFO] --- maven-clean-plugin:2.5:clean (default-clean) @ jenkins-test-app ---
[INFO] Deleting /var/jenkins_home/workspace/jenkins-test/target
[INFO] ------------------------------------------------------------------------
[INFO] BUILD SUCCESS
[INFO] ------------------------------------------------------------------------
[INFO] Total time:  1.327 s
[INFO] Finished at: 2019-03-28T17:42:29Z
[INFO] ------------------------------------------------------------------------
[jenkins-test] $ /bin/sh -xe /tmp/jenkins6249599410622608174.sh
+ mvn install
[INFO] Scanning for projects...
[WARNING] 
[WARNING] Some problems were encountered while building the effective model for jenkins-test-app:jenkins-test-app:war:1.0-SNAPSHOT
[WARNING] 'build.plugins.plugin.version' for org.springframework.boot:spring-boot-maven-plugin is missing. @ line 34, column 21
[WARNING] 
[WARNING] It is highly recommended to fix these problems because they threaten the stability of your build.
[WARNING] 
[WARNING] For this reason, future Maven versions might no longer support building such malformed projects.
[WARNING] 
[INFO] 
[INFO] -----------------< jenkins-test-app:jenkins-test-app >------------------
[INFO] Building jenkins-test-app 1.0-SNAPSHOT
[INFO] --------------------------------[ war ]---------------------------------
Downloading from central: https://repo.maven.apache.org/maven2/org/apache/maven/plugins/maven-war-plugin/2.2/maven-war-plugin-2.2.pom
Progress (1): 2.2/6.5 kBProgress (1): 5.0/6.5 kBProgress (1): 6.5 kB                        Downloaded from central: https://repo.maven.apache.org/maven2/org/apache/maven/plugins/maven-war-plugin/2.2/maven-war-plugin-2.2.pom (6.5 kB at 13 kB/s)
Downloading from central: https://repo.maven.apache.org/maven2/org/apache/maven/plugins/maven-war-plugin/2.2/maven-war-plugin-2.2.jar
Progress (1): 2.2/79 kBProgress (1): 5.0/79 kBProgress (1): 7.7/79 kBProgress (1): 10/79 kB Progress (1): 13/79 kBProgress (1): 16/79 kBProgress (1): 19/79 kBProgress (1): 21/79 kBProgress (1): 24/79 kBProgress (1): 27/79 kBProgress (1): 30/79 kBProgress (1): 32/79 kBProgress (1): 36/79 kBProgress (1): 40/79 kBProgress (1): 45/79 kBProgress (1): 49/79 kBProgress (1): 53/79 kBProgress (1): 57/79 kBProgress (1): 61/79 kBProgress (1): 65/79 kBProgress (1): 69/79 kBProgress (1): 73/79 kBProgress (1): 77/79 kBProgress (1): 79 kB                      Downloaded from central: https://repo.maven.apache.org/maven2/org/apache/maven/plugins/maven-war-plugin/2.2/maven-war-plugin-2.2.jar (79 kB at 1.0 MB/s)
Downloading from central: https://repo.maven.apache.org/maven2/junit/junit/4.12/junit-4.12.pom
Progress (1): 4.1/24 kBProgress (1): 7.7/24 kBProgress (1): 12/24 kB Progress (1): 16/24 kBProgress (1): 20/24 kBProgress (1): 24 kB                      Downloaded from central: https://repo.maven.apache.org/maven2/junit/junit/4.12/junit-4.12.pom (24 kB at 493 kB/s)
Downloading from central: https://repo.maven.apache.org/maven2/org/hamcrest/hamcrest-core/1.3/hamcrest-core-1.3.pom
Progress (1): 766 B                   Downloaded from central: https://repo.maven.apache.org/maven2/org/hamcrest/hamcrest-core/1.3/hamcrest-core-1.3.pom (766 B at 21 kB/s)
Downloading from central: https://repo.maven.apache.org/maven2/org/hamcrest/hamcrest-parent/1.3/hamcrest-parent-1.3.pom
Progress (1): 2.0 kB                    Downloaded from central: https://repo.maven.apache.org/maven2/org/hamcrest/hamcrest-parent/1.3/hamcrest-parent-1.3.pom (2.0 kB at 55 kB/s)
Downloading from central: https://repo.maven.apache.org/maven2/junit/junit/4.12/junit-4.12.jar
Downloading from central: https://repo.maven.apache.org/maven2/org/hamcrest/hamcrest-core/1.3/hamcrest-core-1.3.jar
Progress (1): 2.2/315 kBProgress (1): 5.0/315 kBProgress (1): 7.7/315 kBProgress (1): 10/315 kB Progress (1): 13/315 kBProgress (1): 16/315 kBProgress (1): 19/315 kBProgress (1): 21/315 kBProgress (1): 24/315 kBProgress (1): 27/315 kBProgress (1): 30/315 kBProgress (1): 32/315 kBProgress (1): 36/315 kBProgress (1): 40/315 kBProgress (1): 45/315 kBProgress (1): 49/315 kBProgress (1): 53/315 kBProgress (1): 57/315 kBProgress (1): 61/315 kBProgress (1): 65/315 kBProgress (1): 69/315 kBProgress (1): 73/315 kBProgress (1): 77/315 kBProgress (1): 81/315 kBProgress (1): 85/315 kBProgress (1): 90/315 kBProgress (1): 94/315 kBProgress (1): 98/315 kBProgress (1): 102/315 kBProgress (1): 106/315 kBProgress (1): 110/315 kBProgress (1): 114/315 kBProgress (1): 118/315 kBProgress (1): 122/315 kBProgress (1): 126/315 kBProgress (1): 131/315 kBProgress (1): 135/315 kBProgress (1): 139/315 kBProgress (1): 143/315 kBProgress (1): 147/315 kBProgress (1): 151/315 kBProgress (1): 155/315 kBProgress (1): 159/315 kBProgress (1): 163/315 kBProgress (1): 167/315 kBProgress (1): 171/315 kBProgress (1): 176/315 kBProgress (1): 180/315 kBProgress (1): 184/315 kBProgress (1): 188/315 kBProgress (1): 192/315 kBProgress (1): 196/315 kBProgress (1): 200/315 kBProgress (1): 204/315 kBProgress (1): 208/315 kBProgress (1): 212/315 kBProgress (1): 217/315 kBProgress (1): 221/315 kBProgress (1): 225/315 kBProgress (1): 229/315 kBProgress (1): 233/315 kBProgress (1): 237/315 kBProgress (1): 241/315 kBProgress (2): 241/315 kB | 2.2/45 kBProgress (2): 241/315 kB | 5.0/45 kBProgress (2): 241/315 kB | 7.7/45 kBProgress (2): 241/315 kB | 10/45 kB Progress (2): 241/315 kB | 13/45 kBProgress (2): 245/315 kB | 13/45 kBProgress (2): 249/315 kB | 13/45 kBProgress (2): 253/315 kB | 13/45 kBProgress (2): 258/315 kB | 13/45 kBProgress (2): 262/315 kB | 13/45 kBProgress (2): 266/315 kB | 13/45 kBProgress (2): 270/315 kB | 13/45 kBProgress (2): 274/315 kB | 13/45 kBProgress (2): 278/315 kB | 13/45 kBProgress (2): 278/315 kB | 16/45 kBProgress (2): 278/315 kB | 19/45 kBProgress (2): 278/315 kB | 21/45 kBProgress (2): 278/315 kB | 24/45 kBProgress (2): 278/315 kB | 27/45 kBProgress (2): 278/315 kB | 30/45 kBProgress (2): 278/315 kB | 32/45 kBProgress (2): 282/315 kB | 32/45 kBProgress (2): 286/315 kB | 32/45 kBProgress (2): 290/315 kB | 32/45 kBProgress (2): 294/315 kB | 32/45 kBProgress (2): 298/315 kB | 32/45 kBProgress (2): 303/315 kB | 32/45 kBProgress (2): 307/315 kB | 32/45 kBProgress (2): 311/315 kB | 32/45 kBProgress (2): 315/315 kB | 32/45 kBProgress (2): 315 kB | 32/45 kB    Progress (2): 315 kB | 36/45 kBProgress (2): 315 kB | 40/45 kBProgress (2): 315 kB | 45/45 kBProgress (2): 315 kB | 45 kB                               Downloaded from central: https://repo.maven.apache.org/maven2/org/hamcrest/hamcrest-core/1.3/hamcrest-core-1.3.jar (45 kB at 339 kB/s)
Downloaded from central: https://repo.maven.apache.org/maven2/junit/junit/4.12/junit-4.12.jar (315 kB at 2.3 MB/s)
[INFO] 
[INFO] --- maven-resources-plugin:2.6:resources (default-resources) @ jenkins-test-app ---
[WARNING] Using platform encoding (UTF-8 actually) to copy filtered resources, i.e. build is platform dependent!
[INFO] Copying 1 resource
[INFO] 
[INFO] --- maven-compiler-plugin:3.1:compile (default-compile) @ jenkins-test-app ---
[INFO] Changes detected - recompiling the module!
[WARNING] File encoding has not been set, using platform encoding UTF-8, i.e. build is platform dependent!
[INFO] Compiling 2 source files to /var/jenkins_home/workspace/jenkins-test/target/classes
[INFO] 
[INFO] --- maven-resources-plugin:2.6:testResources (default-testResources) @ jenkins-test-app ---
[WARNING] Using platform encoding (UTF-8 actually) to copy filtered resources, i.e. build is platform dependent!
[INFO] skip non existing resourceDirectory /var/jenkins_home/workspace/jenkins-test/src/test/resources
[INFO] 
[INFO] --- maven-compiler-plugin:3.1:testCompile (default-testCompile) @ jenkins-test-app ---
[INFO] Changes detected - recompiling the module!
[WARNING] File encoding has not been set, using platform encoding UTF-8, i.e. build is platform dependent!
[INFO] Compiling 1 source file to /var/jenkins_home/workspace/jenkins-test/target/test-classes
[INFO] 
[INFO] --- maven-surefire-plugin:2.12.4:test (default-test) @ jenkins-test-app ---
[INFO] Surefire report directory: /var/jenkins_home/workspace/jenkins-test/target/surefire-reports
Downloading from central: https://repo.maven.apache.org/maven2/org/apache/maven/surefire/surefire-junit4/2.12.4/surefire-junit4-2.12.4.pom
Progress (1): 2.2/2.4 kBProgress (1): 2.4 kB                        Downloaded from central: https://repo.maven.apache.org/maven2/org/apache/maven/surefire/surefire-junit4/2.12.4/surefire-junit4-2.12.4.pom (2.4 kB at 65 kB/s)
Downloading from central: https://repo.maven.apache.org/maven2/org/apache/maven/surefire/surefire-providers/2.12.4/surefire-providers-2.12.4.pom
Progress (1): 2.2/2.3 kBProgress (1): 2.3 kB                        Downloaded from central: https://repo.maven.apache.org/maven2/org/apache/maven/surefire/surefire-providers/2.12.4/surefire-providers-2.12.4.pom (2.3 kB at 63 kB/s)
Downloading from central: https://repo.maven.apache.org/maven2/org/apache/maven/surefire/surefire-junit4/2.12.4/surefire-junit4-2.12.4.jar
Progress (1): 2.8/37 kBProgress (1): 5.5/37 kBProgress (1): 8.3/37 kBProgress (1): 11/37 kB Progress (1): 14/37 kBProgress (1): 16/37 kBProgress (1): 19/37 kBProgress (1): 22/37 kBProgress (1): 25/37 kBProgress (1): 27/37 kBProgress (1): 30/37 kBProgress (1): 33/37 kBProgress (1): 36/37 kBProgress (1): 37 kB                      Downloaded from central: https://repo.maven.apache.org/maven2/org/apache/maven/surefire/surefire-junit4/2.12.4/surefire-junit4-2.12.4.jar (37 kB at 596 kB/s)

-------------------------------------------------------
 T E S T S
-------------------------------------------------------
Running api.controllers.TestControllerTest
Tests run: 1, Failures: 0, Errors: 0, Skipped: 0, Time elapsed: 0.045 sec

Results :

Tests run: 1, Failures: 0, Errors: 0, Skipped: 0

[INFO] 
[INFO] --- maven-war-plugin:2.2:war (default-war) @ jenkins-test-app ---
Downloading from central: https://repo.maven.apache.org/maven2/com/thoughtworks/xstream/xstream/1.3.1/xstream-1.3.1.pom
Progress (1): 2.8/11 kBProgress (1): 5.5/11 kBProgress (1): 8.3/11 kBProgress (1): 11/11 kB Progress (1): 11 kB                      Downloaded from central: https://repo.maven.apache.org/maven2/com/thoughtworks/xstream/xstream/1.3.1/xstream-1.3.1.pom (11 kB at 279 kB/s)
Downloading from central: https://repo.maven.apache.org/maven2/com/thoughtworks/xstream/xstream-parent/1.3.1/xstream-parent-1.3.1.pom
Progress (1): 2.8/14 kBProgress (1): 5.5/14 kBProgress (1): 8.3/14 kBProgress (1): 11/14 kB Progress (1): 14/14 kBProgress (1): 14 kB                      Downloaded from central: https://repo.maven.apache.org/maven2/com/thoughtworks/xstream/xstream-parent/1.3.1/xstream-parent-1.3.1.pom (14 kB at 400 kB/s)
Downloading from central: https://repo.maven.apache.org/maven2/xpp3/xpp3_min/1.1.4c/xpp3_min-1.1.4c.pom
Progress (1): 1.6 kB                    Downloaded from central: https://repo.maven.apache.org/maven2/xpp3/xpp3_min/1.1.4c/xpp3_min-1.1.4c.pom (1.6 kB at 37 kB/s)
Downloading from central: https://repo.maven.apache.org/maven2/org/apache/maven/shared/maven-filtering/1.0-beta-2/maven-filtering-1.0-beta-2.pom
Progress (1): 2.2/4.0 kBProgress (1): 4.0 kB                        Downloaded from central: https://repo.maven.apache.org/maven2/org/apache/maven/shared/maven-filtering/1.0-beta-2/maven-filtering-1.0-beta-2.pom (4.0 kB at 112 kB/s)
Downloading from central: https://repo.maven.apache.org/maven2/org/apache/maven/shared/maven-shared-components/10/maven-shared-components-10.pom
Progress (1): 2.2/8.4 kBProgress (1): 5.0/8.4 kBProgress (1): 7.8/8.4 kBProgress (1): 8.4 kB                        Downloaded from central: https://repo.maven.apache.org/maven2/org/apache/maven/shared/maven-shared-components/10/maven-shared-components-10.pom (8.4 kB at 228 kB/s)
Downloading from central: https://repo.maven.apache.org/maven2/org/apache/maven/maven-parent/9/maven-parent-9.pom
Progress (1): 2.2/33 kBProgress (1): 5.0/33 kBProgress (1): 7.8/33 kBProgress (1): 11/33 kB Progress (1): 13/33 kBProgress (1): 16/33 kBProgress (1): 19/33 kBProgress (1): 21/33 kBProgress (1): 24/33 kBProgress (1): 27/33 kBProgress (1): 30/33 kBProgress (1): 32/33 kBProgress (1): 33 kB                      Downloaded from central: https://repo.maven.apache.org/maven2/org/apache/maven/maven-parent/9/maven-parent-9.pom (33 kB at 821 kB/s)
Downloading from central: https://repo.maven.apache.org/maven2/org/codehaus/plexus/plexus-utils/1.5.6/plexus-utils-1.5.6.pom
Progress (1): 2.2/5.3 kBProgress (1): 5.0/5.3 kBProgress (1): 5.3 kB                        Downloaded from central: https://repo.maven.apache.org/maven2/org/codehaus/plexus/plexus-utils/1.5.6/plexus-utils-1.5.6.pom (5.3 kB at 166 kB/s)
Downloading from central: https://repo.maven.apache.org/maven2/org/codehaus/plexus/plexus/1.0.12/plexus-1.0.12.pom
Progress (1): 2.2/9.8 kBProgress (1): 5.0/9.8 kBProgress (1): 7.8/9.8 kBProgress (1): 9.8 kB                        Downloaded from central: https://repo.maven.apache.org/maven2/org/codehaus/plexus/plexus/1.0.12/plexus-1.0.12.pom (9.8 kB at 258 kB/s)
Downloading from central: https://repo.maven.apache.org/maven2/org/codehaus/plexus/plexus-interpolation/1.6/plexus-interpolation-1.6.pom
Progress (1): 2.2/2.9 kBProgress (1): 2.9 kB                        Downloaded from central: https://repo.maven.apache.org/maven2/org/codehaus/plexus/plexus-interpolation/1.6/plexus-interpolation-1.6.pom (2.9 kB at 86 kB/s)
Downloading from central: https://repo.maven.apache.org/maven2/com/thoughtworks/xstream/xstream/1.3.1/xstream-1.3.1.jar
Downloading from central: https://repo.maven.apache.org/maven2/xpp3/xpp3_min/1.1.4c/xpp3_min-1.1.4c.jar
Downloading from central: https://repo.maven.apache.org/maven2/org/apache/maven/shared/maven-filtering/1.0-beta-2/maven-filtering-1.0-beta-2.jar
Progress (1): 2.2/431 kBProgress (1): 5.0/431 kBProgress (1): 7.7/431 kBProgress (1): 10/431 kB Progress (1): 13/431 kBProgress (1): 16/431 kBProgress (1): 19/431 kBProgress (1): 21/431 kBProgress (1): 24/431 kBProgress (1): 27/431 kBProgress (1): 30/431 kBProgress (1): 32/431 kBProgress (1): 36/431 kBProgress (1): 40/431 kBProgress (1): 45/431 kBProgress (1): 49/431 kBProgress (1): 53/431 kBProgress (1): 57/431 kBProgress (1): 61/431 kBProgress (1): 65/431 kBProgress (1): 69/431 kBProgress (1): 73/431 kBProgress (1): 77/431 kBProgress (1): 81/431 kBProgress (1): 85/431 kBProgress (1): 90/431 kBProgress (1): 94/431 kBProgress (1): 98/431 kBProgress (1): 102/431 kBProgress (1): 106/431 kBProgress (1): 110/431 kBProgress (1): 114/431 kBProgress (1): 118/431 kBProgress (1): 122/431 kBProgress (1): 126/431 kBProgress (1): 131/431 kBProgress (1): 135/431 kBProgress (1): 139/431 kBProgress (1): 143/431 kBProgress (1): 147/431 kBProgress (1): 151/431 kBProgress (1): 155/431 kBProgress (1): 159/431 kBProgress (1): 163/431 kBProgress (1): 167/431 kBProgress (1): 171/431 kBProgress (1): 176/431 kBProgress (1): 180/431 kBProgress (1): 184/431 kBProgress (1): 188/431 kBProgress (1): 192/431 kBProgress (1): 196/431 kBProgress (1): 200/431 kBProgress (1): 204/431 kBProgress (1): 208/431 kBProgress (1): 212/431 kBProgress (1): 217/431 kBProgress (1): 221/431 kBProgress (1): 225/431 kBProgress (1): 229/431 kBProgress (1): 233/431 kBProgress (1): 237/431 kBProgress (1): 241/431 kBProgress (1): 245/431 kBProgress (1): 249/431 kBProgress (1): 253/431 kBProgress (1): 258/431 kBProgress (1): 262/431 kBProgress (2): 262/431 kB | 2.2/25 kBProgress (2): 262/431 kB | 5.0/25 kBProgress (2): 262/431 kB | 7.7/25 kBProgress (2): 262/431 kB | 10/25 kB Progress (2): 262/431 kB | 13/25 kBProgress (2): 262/431 kB | 16/25 kBProgress (2): 262/431 kB | 19/25 kBProgress (2): 262/431 kB | 21/25 kBProgress (2): 262/431 kB | 24/25 kBProgress (2): 262/431 kB | 25 kB   Progress (2): 266/431 kB | 25 kBProgress (2): 270/431 kB | 25 kBProgress (2): 274/431 kB | 25 kBProgress (2): 278/431 kB | 25 kBProgress (2): 282/431 kB | 25 kBProgress (2): 286/431 kB | 25 kBProgress (2): 290/431 kB | 25 kBProgress (2): 294/431 kB | 25 kBProgress (2): 298/431 kB | 25 kBProgress (2): 303/431 kB | 25 kBProgress (2): 307/431 kB | 25 kBProgress (2): 311/431 kB | 25 kBProgress (2): 315/431 kB | 25 kBProgress (2): 319/431 kB | 25 kBProgress (2): 323/431 kB | 25 kBProgress (2): 327/431 kB | 25 kBProgress (2): 331/431 kB | 25 kBProgress (2): 335/431 kB | 25 kBProgress (2): 339/431 kB | 25 kBProgress (2): 344/431 kB | 25 kBProgress (2): 348/431 kB | 25 kBProgress (2): 352/431 kB | 25 kBProgress (2): 356/431 kB | 25 kBProgress (2): 360/431 kB | 25 kBProgress (2): 364/431 kB | 25 kBProgress (2): 368/431 kB | 25 kBProgress (2): 372/431 kB | 25 kBProgress (2): 376/431 kB | 25 kBProgress (2): 380/431 kB | 25 kBProgress (2): 384/431 kB | 25 kBProgress (2): 389/431 kB | 25 kBProgress (2): 393/431 kB | 25 kBProgress (2): 397/431 kB | 25 kBProgress (2): 401/431 kB | 25 kBProgress (2): 405/431 kB | 25 kBProgress (2): 409/431 kB | 25 kBProgress (2): 413/431 kB | 25 kBProgress (2): 417/431 kB | 25 kBProgress (2): 421/431 kB | 25 kBProgress (2): 425/431 kB | 25 kBProgress (2): 430/431 kB | 25 kBProgress (2): 431 kB | 25 kB                                Downloaded from central: https://repo.maven.apache.org/maven2/xpp3/xpp3_min/1.1.4c/xpp3_min-1.1.4c.jar (25 kB at 290 kB/s)
Progress (2): 431 kB | 2.8/33 kBProgress (2): 431 kB | 5.5/33 kBProgress (2): 431 kB | 8.3/33 kBProgress (2): 431 kB | 11/33 kB Progress (2): 431 kB | 14/33 kB                               Downloaded from central: https://repo.maven.apache.org/maven2/com/thoughtworks/xstream/xstream/1.3.1/xstream-1.3.1.jar (431 kB at 3.7 MB/s)
Progress (1): 16/33 kBProgress (1): 19/33 kBProgress (1): 22/33 kBProgress (1): 25/33 kBProgress (1): 27/33 kBProgress (1): 30/33 kBProgress (1): 33/33 kBProgress (1): 33 kB                      Downloaded from central: https://repo.maven.apache.org/maven2/org/apache/maven/shared/maven-filtering/1.0-beta-2/maven-filtering-1.0-beta-2.jar (33 kB at 230 kB/s)
[INFO] Packaging webapp
[INFO] Assembling webapp [jenkins-test-app] in [/var/jenkins_home/workspace/jenkins-test/target/jenkins-test-app]
[INFO] Processing war project
[INFO] Webapp assembled in [3676 msecs]
[INFO] Building war: /var/jenkins_home/workspace/jenkins-test/target/jenkins-test-app.war
[INFO] ------------------------------------------------------------------------
[INFO] BUILD FAILURE
[INFO] ------------------------------------------------------------------------
[INFO] Total time:  8.479 s
[INFO] Finished at: 2019-03-28T17:42:39Z
[INFO] ------------------------------------------------------------------------
[ERROR] Failed to execute goal org.apache.maven.plugins:maven-war-plugin:2.2:war (default-war) on project jenkins-test-app: Error assembling WAR: webxml attribute is required (or pre-existing WEB-INF/web.xml if executing in update mode) -> [Help 1]
[ERROR] 
[ERROR] To see the full stack trace of the errors, re-run Maven with the -e switch.
[ERROR] Re-run Maven using the -X switch to enable full debug logging.
[ERROR] 
[ERROR] For more information about the errors and possible solutions, please read the following articles:
[ERROR] [Help 1] http://cwiki.apache.org/confluence/display/MAVEN/MojoExecutionException
Build step 'Execute shell' marked build as failure
Finished: FAILURE
